<?xml version="1.0" encoding="UTF-8"?>
<testng-results skipped="0" failed="0" ignored="0" total="2" passed="2">
  <reporter-output>
  </reporter-output>
  <suite name="HW_47" duration-ms="8460" started-at="2019-08-21T14:09:11 PDT" finished-at="2019-08-21T14:09:19 PDT">
    <groups>
    </groups>
    <test name="SignUp Validation" duration-ms="8460" started-at="2019-08-21T14:09:11 PDT" finished-at="2019-08-21T14:09:19 PDT">
      <class name="core.AllureReportTest">
        <test-method status="PASS" signature="setUp()[pri:0, instance:core.AllureReportTest@c1fca1e]" name="setUp" is-config="true" duration-ms="6018" started-at="2019-08-21T14:09:11 PDT" finished-at="2019-08-21T14:09:17 PDT">
          <reporter-output>
          </reporter-output>
        </test-method> <!-- setUp -->
        <test-method status="PASS" signature="SignUpTest()[pri:1, instance:core.AllureReportTest@c1fca1e]" name="SignUpTest" duration-ms="749" started-at="2019-08-21T14:09:17 PDT" description="SignUp Page Validating" finished-at="2019-08-21T14:09:17 PDT">
          <reporter-output>
          </reporter-output>
        </test-method> <!-- SignUpTest -->
        <test-method status="PASS" signature="ConfirmationTest()[pri:2, instance:core.AllureReportTest@c1fca1e]" name="ConfirmationTest" duration-ms="919" started-at="2019-08-21T14:09:18 PDT" description="Confirmation Page Validating" depends-on-methods="core.AllureReportTest.SignUpTest" finished-at="2019-08-21T14:09:18 PDT">
          <reporter-output>
          </reporter-output>
        </test-method> <!-- ConfirmationTest -->
        <test-method status="PASS" signature="tearDowm()[pri:0, instance:core.AllureReportTest@c1fca1e]" name="tearDowm" is-config="true" duration-ms="613" started-at="2019-08-21T14:09:18 PDT" finished-at="2019-08-21T14:09:19 PDT">
          <reporter-output>
          </reporter-output>
        </test-method> <!-- tearDowm -->
      </class> <!-- core.AllureReportTest -->
    </test> <!-- SignUp Validation -->
  </suite> <!-- HW_47 -->
</testng-results>
